<?xml version="1.0" encoding="UTF-8"?>
<!-- Generated by org.testng.reporters.JUnitXMLReporter -->
<testsuite ignored="0" hostname="DESKTOP-02GK4BS" failures="1" tests="3" name="Test4" time="22.598" errors="0" timestamp="2024-06-23T17:51:25 IST">
  <testcase classname="projectTestCases.BrandTC" name="logIn" time="3.421"/>
  <testcase classname="projectTestCases.BrandTC" name="addBrands" time="9.301"/>
  <testcase classname="projectTestCases.BrandTC" name="SearchCategory" time="2.711">
    <failure type="java.lang.AssertionError" message="The following asserts failed:
	expected [true] but found [false]">
      <![CDATA[java.lang.AssertionError: The following asserts failed:
expected [true] but found [false]
at projectTestCases.BrandTC.SearchCategory(BrandTC.java:60)
at java.base/java.util.ArrayList.forEach(ArrayList.java:1596)
... Removed 27 stack frames]]>
    </failure>
  </testcase> <!-- SearchCategory -->
</testsuite> <!-- Test4 -->
